<?xml version="1.0" encoding="UTF-8"?>
<!-- Generated by org.testng.reporters.JUnitXMLReporter -->
<testsuite ignored="0" hostname="COL-LT-231114C" failures="0" tests="4" name="Default test" time="3.937" errors="0" timestamp="2024-04-02T16:08:30 COT">
  <testcase classname="com.exercise.one.TestNGRestAssured" name="listUsers" time="1.732"/>
  <testcase classname="com.exercise.one.TestNGRestAssured" name="createUser" time="0.53"/>
  <testcase classname="com.exercise.one.TestNGRestAssured" name="updateUser" time="0.494"/>
  <testcase classname="com.exercise.one.TestNGRestAssured" name="getUser" time="0.524"/>
</testsuite> <!-- Default test -->
