<?xml version="1.0" encoding="UTF-8"?>
<!-- Generated by org.testng.reporters.JUnitXMLReporter -->
<testsuite ignored="0" hostname="COL-LT-231114C" failures="0" tests="3" name="Default test" time="3.71" errors="0" timestamp="2024-04-04T11:45:23 COT">
  <testcase classname="com.exercise.three.RequestExternalJSON" name="createUser" time="1.879"/>
  <testcase classname="com.exercise.three.RequestExternalJSON" name="createUser" time="0.503"/>
  <testcase classname="com.exercise.three.RequestExternalJSON" name="createUser" time="0.526"/>
</testsuite> <!-- Default test -->
