<?xml version="1.0" encoding="UTF-8"?>
<testng-results ignored="0" total="3" passed="3" failed="0" skipped="0">
  <reporter-output>
  </reporter-output>
  <suite started-at="2024-04-04T11:45:19 COT" name="Default suite" finished-at="2024-04-04T11:45:23 COT" duration-ms="3710">
    <groups>
    </groups>
    <test started-at="2024-04-04T11:45:19 COT" name="Default test" finished-at="2024-04-04T11:45:23 COT" duration-ms="3710">
      <class name="com.exercise.three.RequestExternalJSON">
        <test-method is-config="true" signature="createRestSpecification()[pri:0, instance:com.exercise.three.RequestExternalJSON@7d322cad]" started-at="2024-04-04T11:45:20 COT" name="createRestSpecification" finished-at="2024-04-04T11:45:20 COT" duration-ms="565" status="PASS">
          <reporter-output>
          </reporter-output>
        </test-method> <!-- createRestSpecification -->
        <test-method signature="createUser(com.exercises.pojo.User)[pri:0, instance:com.exercise.three.RequestExternalJSON@7d322cad]" started-at="2024-04-04T11:45:20 COT" name="createUser" data-provider="UserInfo" finished-at="2024-04-04T11:45:22 COT" duration-ms="1879" status="PASS">
          <params>
            <param index="0">
              <value>
                <![CDATA[com.exercises.pojo.User@3bec2275]]>
              </value>
            </param>
          </params>
          <reporter-output>
          </reporter-output>
        </test-method> <!-- createUser -->
        <test-method is-config="true" signature="createRestSpecification()[pri:0, instance:com.exercise.three.RequestExternalJSON@7d322cad]" started-at="2024-04-04T11:45:22 COT" name="createRestSpecification" finished-at="2024-04-04T11:45:22 COT" duration-ms="1" status="PASS">
          <reporter-output>
          </reporter-output>
        </test-method> <!-- createRestSpecification -->
        <test-method signature="createUser(com.exercises.pojo.User)[pri:0, instance:com.exercise.three.RequestExternalJSON@7d322cad]" started-at="2024-04-04T11:45:22 COT" name="createUser" data-provider="UserInfo" finished-at="2024-04-04T11:45:22 COT" duration-ms="503" status="PASS">
          <params>
            <param index="0">
              <value>
                <![CDATA[com.exercises.pojo.User@7ec3a8bd]]>
              </value>
            </param>
          </params>
          <reporter-output>
          </reporter-output>
        </test-method> <!-- createUser -->
        <test-method is-config="true" signature="createRestSpecification()[pri:0, instance:com.exercise.three.RequestExternalJSON@7d322cad]" started-at="2024-04-04T11:45:22 COT" name="createRestSpecification" finished-at="2024-04-04T11:45:22 COT" duration-ms="1" status="PASS">
          <reporter-output>
          </reporter-output>
        </test-method> <!-- createRestSpecification -->
        <test-method signature="createUser(com.exercises.pojo.User)[pri:0, instance:com.exercise.three.RequestExternalJSON@7d322cad]" started-at="2024-04-04T11:45:22 COT" name="createUser" data-provider="UserInfo" finished-at="2024-04-04T11:45:23 COT" duration-ms="526" status="PASS">
          <params>
            <param index="0">
              <value>
                <![CDATA[com.exercises.pojo.User@2b79c8ff]]>
              </value>
            </param>
          </params>
          <reporter-output>
          </reporter-output>
        </test-method> <!-- createUser -->
      </class> <!-- com.exercise.three.RequestExternalJSON -->
    </test> <!-- Default test -->
  </suite> <!-- Default suite -->
</testng-results>
